q00: -|  H  |-----------------------------| ORA |--|  H  |-----------------------------|  S0 |--|  H  |-----------------------------| ORA |--|  H  |-----------------------------|  S0 |--|  H  |-----------------------------| ORA |--|  H  |-----------------------------|  S0 |--|  H  |-----------------------------|M(00)|----------------------------
q01: ----------|  H  |--------------------| ORA |-----------|  H  |--------------------|  S0 |-----------|  H  |--------------------| ORA |-----------|  H  |--------------------|  S0 |-----------|  H  |--------------------| ORA |-----------|  H  |--------------------|  S0 |-----------|  H  |-----------------------------|M(01)|-------------------
q02: -------------------|  H  |-----------| ORA |--------------------|  H  |-----------|  S0 |--------------------|  H  |-----------| ORA |--------------------|  H  |-----------|  S0 |--------------------|  H  |-----------| ORA |--------------------|  H  |-----------|  S0 |--------------------|  H  |-----------------------------|M(02)|----------
q03: ----------------------------|  H  |--| ORA |-----------------------------|  H  |--|  S0 |-----------------------------|  H  |--| ORA |-----------------------------|  H  |--|  S0 |-----------------------------|  H  |--| ORA |-----------------------------|  H  |--|  S0 |-----------------------------|  H  |-----------------------------|M(03)|-
[0.000114] [INFO] Starting circuit execution.
[0.000229] [INFO] Applying unitary gate on qubit 0.
[0.000322] [INFO] Applying unitary gate on qubit 1.
[0.000366] [INFO] Applying unitary gate on qubit 2.
[0.000403] [INFO] Applying unitary gate on qubit 3.
[0.000483] [INFO] Applying custom gate on 4 qubits.
[0.000531] [INFO] Applying unitary gate on qubit 0.
[0.000581] [INFO] Applying unitary gate on qubit 1.
[0.000610] [INFO] Applying unitary gate on qubit 2.
[0.000644] [INFO] Applying unitary gate on qubit 3.
[0.000730] [INFO] Applying custom gate on 4 qubits.
[0.000772] [INFO] Applying unitary gate on qubit 0.
[0.000800] [INFO] Applying unitary gate on qubit 1.
[0.000828] [INFO] Applying unitary gate on qubit 2.
[0.000863] [INFO] Applying unitary gate on qubit 3.
[0.000942] [INFO] Applying custom gate on 4 qubits.
[0.000981] [INFO] Applying unitary gate on qubit 0.
[0.001009] [INFO] Applying unitary gate on qubit 1.
[0.001048] [INFO] Applying unitary gate on qubit 2.
[0.001116] [INFO] Applying unitary gate on qubit 3.
[0.001230] [INFO] Applying custom gate on 4 qubits.
[0.001269] [INFO] Applying unitary gate on qubit 0.
[0.001304] [INFO] Applying unitary gate on qubit 1.
[0.001347] [INFO] Applying unitary gate on qubit 2.
[0.001386] [INFO] Applying unitary gate on qubit 3.
[0.001480] [INFO] Applying custom gate on 4 qubits.
[0.001522] [INFO] Applying unitary gate on qubit 0.
[0.001557] [INFO] Applying unitary gate on qubit 1.
[0.001590] [INFO] Applying unitary gate on qubit 2.
[0.001624] [INFO] Applying unitary gate on qubit 3.
[0.001705] [INFO] Applying custom gate on 4 qubits.
[0.001748] [INFO] Applying unitary gate on qubit 0.
[0.001781] [INFO] Applying unitary gate on qubit 1.
[0.001814] [INFO] Applying unitary gate on qubit 2.
[0.001846] [INFO] Applying unitary gate on qubit 3.
[0.001892] [INFO] Measuring qubit 0 into classical bit 0.
[0.001931] [INFO] Measuring qubit 1 into classical bit 1.
[0.001964] [INFO] Measuring qubit 2 into classical bit 2.
[0.001987] [INFO] Measuring qubit 3 into classical bit 3.
[0.002005] [INFO] Circuit execution completed.
[0.002024] [INFO] Final statevector:
[0.00 + i0.00, 1.00 + i0.00, 0.00 + i0.00, 0.00 + i0.00, 0.00 + i0.00, 0.00 + i0.00, 0.00 + i0.00, 0.00 + i0.00, 0.00 + i0.00, 0.00 + i0.00, 0.00 + i0.00, 0.00 + i0.00, 0.00 + i0.00, 0.00 + i0.00, 0.00 + i0.00, 0.00 + i0.00]
[0.002115] [INFO] Classical register contents:
[0, 0, 0, 1] = 1
