[0.000001] [INFO] Starting DAG simulation.
[0.000132] [EXEC] Unitary on q0
[0.014615] [EXEC] Unitary on q1
[0.023613] [EXEC] Unitary on q2
[0.032611] [EXEC] Unitary on q3
[0.041613] [EXEC] Custom on 4 qubits
[0.050636] [EXEC] Unitary on q0
[0.068616] [EXEC] Unitary on q1
[0.077619] [EXEC] Unitary on q2
[0.086613] [EXEC] Unitary on q3
[0.104632] [EXEC] Custom on 4 qubits
[0.113613] [EXEC] Unitary on q0
[0.120674] [EXEC] Unitary on q1
[0.125627] [EXEC] Unitary on q2
[0.131609] [EXEC] Unitary on q3
[0.137613] [EXEC] Measure q0 -> c0
[0.149612] [EXEC] Measure q1 -> c1
[0.161614] [EXEC] Measure q2 -> c2
[0.173610] [EXEC] Measure q3 -> c3
[0.185620] [INFO] Simulation complete.
